<?xml version="1.0" encoding="UTF-8"?>
<!-- Generated by org.testng.reporters.JUnitReportReporter -->
<testsuite hostname="DESKTOP-RE1M622" failures="0" tests="1" name="testcases.extentReport" time="0.006" errors="0" timestamp="2023-05-15T07:32:28 IST" skipped="0">
  <testcase classname="testcases.extentReport" name="test" time="0.006"/>
  <system-out/>
</testsuite> <!-- testcases.extentReport -->
