<?xml version="1.0" encoding="UTF-8"?>
<!-- Generated by org.testng.reporters.JUnitReportReporter -->
<testsuite hostname="DESKTOP-2AI7R7P" failures="0" tests="2" name="testcases.Testcase2" time="7.703" errors="0" timestamp="2023-05-13T19:40:49 IST" skipped="0">
  <testcase classname="testcases.Testcase2" name="openbrow" time="5.438"/>
  <system-out/>
  <testcase classname="testcases.Testcase2" name="navigateurl" time="2.265"/>
  <system-out/>
</testsuite> <!-- testcases.Testcase2 -->
