<?xml version="1.0" encoding="UTF-8"?>
<!-- Generated by org.testng.reporters.JUnitReportReporter -->
<testsuite hostname="DESKTOP-2AI7R7P" failures="0" tests="1" name="testcases.test1" time="31.717" errors="0" timestamp="2023-05-13T19:17:09 IST" skipped="0">
  <testcase classname="testcases.test1" name="met" time="31.717"/>
  <system-out/>
</testsuite> <!-- testcases.test1 -->
